<?xml version="1.0" encoding="UTF-8"?>
<robot generator="Robot 3.1.1 (Python 3.6.8 on win32)" generated="20191019 17:46:42.791" rpa="false">
<suite id="s1" name="Suites">
<suite id="s1-s1" name="TC1" source="C:\Users\rahul-shar\AppData\Local\Programs\Python\Python36\Python_Workspace\RobotProject\RobotTest\ParallelRun\TC1.robot">
<test id="s1-s1-t1" name="TestData">
<kw name="Open Browser" library="SeleniumLibrary">
<doc>Opens a new browser instance to the given ``url``.</doc>
<arguments>
<arg>https://www.google.com</arg>
<arg>chrome</arg>
</arguments>
<msg timestamp="20191019 17:46:45.153" level="INFO">Opening browser 'chrome' to base url 'https://www.google.com'.</msg>
<status status="PASS" starttime="20191019 17:46:45.153" endtime="20191019 17:46:59.904"></status>
</kw>
<kw name="Close Browser" library="SeleniumLibrary">
<doc>Closes the current browser.</doc>
<status status="PASS" starttime="20191019 17:46:59.904" endtime="20191019 17:47:03.970"></status>
</kw>
<status status="PASS" starttime="20191019 17:46:45.152" endtime="20191019 17:47:03.970" critical="yes"></status>
</test>
<status status="PASS" starttime="20191019 17:46:43.018" endtime="20191019 17:47:03.972"></status>
</suite>
<status status="PASS" starttime="20191019 17:46:42.800" endtime="20191019 17:47:03.975"></status>
</suite>
<statistics>
<total>
<stat pass="1" fail="0">Critical Tests</stat>
<stat pass="1" fail="0">All Tests</stat>
</total>
<tag>
</tag>
<suite>
<stat pass="1" fail="0" id="s1" name="Suites">Suites</stat>
<stat pass="1" fail="0" id="s1-s1" name="TC1">Suites.TC1</stat>
</suite>
</statistics>
<errors>
</errors>
</robot>
