<?xml version="1.0" encoding="UTF-8"?>
<robot generator="Rebot 3.1.1 (Python 3.6.8 on win32)" generated="20191019 17:01:45.632" rpa="false">
<suite id="s1" name="Suites">
<suite id="s1-s1" name="TC1" source="C:\Users\rahul-shar\AppData\Local\Programs\Python\Python36\Python_Workspace\RobotProject\RobotTest\ParallelRun\TC1.robot">
<test id="s1-s1-t1" name="TestData">
<kw name="Open Browser" library="SeleniumLibrary">
<doc>Opens a new browser instance to the given ``url``.</doc>
<arguments>
<arg>https://www.google.com</arg>
<arg>chrome</arg>
</arguments>
<msg timestamp="20191019 17:01:30.492" level="INFO">Opening browser 'chrome' to base url 'https://www.google.com'.</msg>
<status status="PASS" starttime="20191019 17:01:30.492" endtime="20191019 17:01:42.679"></status>
</kw>
<kw name="Close Browser" library="SeleniumLibrary">
<doc>Closes the current browser.</doc>
<status status="PASS" starttime="20191019 17:01:42.679" endtime="20191019 17:01:45.182"></status>
</kw>
<status status="PASS" starttime="20191019 17:01:30.491" endtime="20191019 17:01:45.183" critical="yes"></status>
</test>
<status status="PASS" starttime="20191019 17:01:29.254" endtime="20191019 17:01:45.186"></status>
</suite>
<suite id="s1-s2" name="TC2" source="C:\Users\rahul-shar\AppData\Local\Programs\Python\Python36\Python_Workspace\RobotProject\RobotTest\ParallelRun\TC2.robot">
<test id="s1-s2-t1" name="TestData">
<kw name="Open Browser" library="SeleniumLibrary">
<doc>Opens a new browser instance to the given ``url``.</doc>
<arguments>
<arg>https://portal-qa3web.examone.com</arg>
<arg>chrome</arg>
</arguments>
<msg timestamp="20191019 17:01:30.487" level="INFO">Opening browser 'chrome' to base url 'https://portal-qa3web.examone.com'.</msg>
<status status="PASS" starttime="20191019 17:01:30.486" endtime="20191019 17:01:42.263"></status>
</kw>
<kw name="Close Browser" library="SeleniumLibrary">
<doc>Closes the current browser.</doc>
<status status="PASS" starttime="20191019 17:01:42.263" endtime="20191019 17:01:45.013"></status>
</kw>
<status status="PASS" starttime="20191019 17:01:30.485" endtime="20191019 17:01:45.013" critical="yes"></status>
</test>
<status status="PASS" starttime="20191019 17:01:29.121" endtime="20191019 17:01:45.015"></status>
</suite>
<doc>[https://pabot.org/?ref=log|Pabot] result from 2 executions.</doc>
<status status="PASS" starttime="20191019 17:01:29.035" endtime="20191019 17:01:45.191"></status>
</suite>
<statistics>
<total>
<stat pass="2" fail="0">Critical Tests</stat>
<stat pass="2" fail="0">All Tests</stat>
</total>
<tag>
</tag>
<suite>
<stat pass="2" fail="0" id="s1" name="Suites">Suites</stat>
<stat pass="1" fail="0" id="s1-s1" name="TC1">Suites.TC1</stat>
<stat pass="1" fail="0" id="s1-s2" name="TC2">Suites.TC2</stat>
</suite>
</statistics>
<errors>
</errors>
</robot>
